<?xml version="1.0" encoding="UTF-8"?>
<testsuite xmlns:xsi="http://www.w3.org/2001/XMLSchema-instance" xsi:schemaLocation="https://maven.apache.org/surefire/maven-surefire-plugin/xsd/surefire-test-report.xsd" name="TestSuite" time="1.162" tests="84" errors="0" skipped="0" failures="1">
  <properties>
[...]
</properties>
  <testcase name="testGetInvalidAllophone" classname="marytts.modules.phonemiser.AllophoneSetTest" time="0.013"/>
  <testcase name="testLegacySyllabify" classname="marytts.modules.phonemiser.AllophoneSetTest" time="0.012"/>
  <testcase name="testLegacySyllabify" classname="marytts.modules.phonemiser.AllophoneSetTest" time="0"/>
  <testcase name="testLegacySyllabify" classname="marytts.modules.phonemiser.AllophoneSetTest" time="0"/>
  <testcase name="testLegacySyllabify" classname="marytts.modules.phonemiser.AllophoneSetTest" time="0.001"/>
  <testcase name="testLegacySyllabify" classname="marytts.modules.phonemiser.AllophoneSetTest" time="0.001"/>
  <testcase name="testLegacySyllabify" classname="marytts.modules.phonemiser.AllophoneSetTest" time="0"/>
  <testcase name="testLegacySyllabify" classname="marytts.modules.phonemiser.AllophoneSetTest" time="0"/>
  <testcase name="testLegacySyllabify" classname="marytts.modules.phonemiser.AllophoneSetTest" time="0.001"/>
  <testcase name="testLegacySyllabify" classname="marytts.modules.phonemiser.AllophoneSetTest" time="0.001"/>
  <testcase name="testLegacySyllabify" classname="marytts.modules.phonemiser.AllophoneSetTest" time="0"/>
  <testcase name="testLegacySyllabifyWithoutNucleus" classname="marytts.modules.phonemiser.AllophoneSetTest" time="0"/>
  <testcase name="testLoadOnceReuse" classname="marytts.modules.phonemiser.AllophoneSetTest" time="0"/>
  <testcase name="testLoadedIsAvailable" classname="marytts.modules.phonemiser.AllophoneSetTest" time="0"/>
  <testcase name="testSplitAllophoneString" classname="marytts.modules.phonemiser.AllophoneSetTest" time="0"/>
  <testcase name="testSplitAllophoneString" classname="marytts.modules.phonemiser.AllophoneSetTest" time="0"/>
  <testcase name="testSplitAllophoneString" classname="marytts.modules.phonemiser.AllophoneSetTest" time="0.001"/>
  <testcase name="testSplitAllophoneString" classname="marytts.modules.phonemiser.AllophoneSetTest" time="0"/>
  <testcase name="testSplitAllophoneString" classname="marytts.modules.phonemiser.AllophoneSetTest" time="0"/>
  <testcase name="testSplitAllophoneString" classname="marytts.modules.phonemiser.AllophoneSetTest" time="0.001"/>
  <testcase name="testSplitAllophoneString" classname="marytts.modules.phonemiser.AllophoneSetTest" time="0"/>
  <testcase name="testSplitAllophoneString" classname="marytts.modules.phonemiser.AllophoneSetTest" time="0"/>
  <testcase name="testSplitAllophoneString" classname="marytts.modules.phonemiser.AllophoneSetTest" time="0"/>
  <testcase name="testSplitIntoAllophoneList" classname="marytts.modules.phonemiser.AllophoneSetTest" time="0"/>
  <testcase name="testSplitIntoAllophoneList" classname="marytts.modules.phonemiser.AllophoneSetTest" time="0.001"/>
  <testcase name="testSplitIntoAllophoneList" classname="marytts.modules.phonemiser.AllophoneSetTest" time="0"/>
  <testcase name="testSplitIntoAllophoneList" classname="marytts.modules.phonemiser.AllophoneSetTest" time="0"/>
  <testcase name="testSplitIntoAllophoneList" classname="marytts.modules.phonemiser.AllophoneSetTest" time="0.001"/>
  <testcase name="testSplitIntoAllophoneList" classname="marytts.modules.phonemiser.AllophoneSetTest" time="0"/>
  <testcase name="testSplitIntoAllophoneList" classname="marytts.modules.phonemiser.AllophoneSetTest" time="0"/>
  <testcase name="testSplitIntoAllophoneList" classname="marytts.modules.phonemiser.AllophoneSetTest" time="0"/>
  <testcase name="testSplitIntoAllophoneList" classname="marytts.modules.phonemiser.AllophoneSetTest" time="0.001"/>
  <testcase name="testSplitIntoAllophoneListWithInvalidInput" classname="marytts.modules.phonemiser.AllophoneSetTest" time="0"/>
  <testcase name="testSplitIntoAllophones" classname="marytts.modules.phonemiser.AllophoneSetTest" time="0"/>
  <testcase name="testSplitIntoAllophones" classname="marytts.modules.phonemiser.AllophoneSetTest" time="0"/>
  <testcase name="testSplitIntoAllophones" classname="marytts.modules.phonemiser.AllophoneSetTest" time="0"/>
  <testcase name="testSplitIntoAllophones" classname="marytts.modules.phonemiser.AllophoneSetTest" time="0"/>
  <testcase name="testSplitIntoAllophones" classname="marytts.modules.phonemiser.AllophoneSetTest" time="0"/>
  <testcase name="testSplitIntoAllophones" classname="marytts.modules.phonemiser.AllophoneSetTest" time="0"/>
  <testcase name="testSplitIntoAllophones" classname="marytts.modules.phonemiser.AllophoneSetTest" time="0"/>
  <testcase name="testSplitIntoAllophones" classname="marytts.modules.phonemiser.AllophoneSetTest" time="0.002"/>
  <testcase name="testSplitIntoAllophones" classname="marytts.modules.phonemiser.AllophoneSetTest" time="0"/>
  <testcase name="testSyllabify" classname="marytts.modules.phonemiser.AllophoneSetTest" time="0"/>
  <testcase name="testSyllabify" classname="marytts.modules.phonemiser.AllophoneSetTest" time="0.001"/>
  <testcase name="testSyllabify" classname="marytts.modules.phonemiser.AllophoneSetTest" time="0"/>
  <testcase name="testSyllabify" classname="marytts.modules.phonemiser.AllophoneSetTest" time="0.001"/>
  <testcase name="testSyllabify" classname="marytts.modules.phonemiser.AllophoneSetTest" time="0"/>
  <testcase name="testSyllabify" classname="marytts.modules.phonemiser.AllophoneSetTest" time="0.001"/>
  <testcase name="testSyllabify" classname="marytts.modules.phonemiser.AllophoneSetTest" time="0"/>
  <testcase name="testSyllabify" classname="marytts.modules.phonemiser.AllophoneSetTest" time="0.001"/>
  <testcase name="testSyllabify" classname="marytts.modules.phonemiser.AllophoneSetTest" time="0.001"/>
  <testcase name="testSyllabify" classname="marytts.modules.phonemiser.AllophoneSetTest" time="0"/>
  <testcase name="testSyllabify" classname="marytts.modules.phonemiser.AllophoneSetTest" time="0.001"/>
  <testcase name="testSyllabify" classname="marytts.modules.phonemiser.AllophoneSetTest" time="0"/>
  <testcase name="testSyllabify" classname="marytts.modules.phonemiser.AllophoneSetTest" time="0.001"/>
  <testcase name="testSyllabify" classname="marytts.modules.phonemiser.AllophoneSetTest" time="0"/>
  <testcase name="testSyllabify" classname="marytts.modules.phonemiser.AllophoneSetTest" time="0"/>
  <testcase name="testSyllabify" classname="marytts.modules.phonemiser.AllophoneSetTest" time="0.002"/>
  <testcase name="testSyllabify" classname="marytts.modules.phonemiser.AllophoneSetTest" time="0"/>
  <testcase name="testSyllabify" classname="marytts.modules.phonemiser.AllophoneSetTest" time="0"/>
  <testcase name="testSyllabify" classname="marytts.modules.phonemiser.AllophoneSetTest" time="0.001"/>
  <testcase name="testSyllabify" classname="marytts.modules.phonemiser.AllophoneSetTest" time="0"/>
  <testcase name="testSyllabify" classname="marytts.modules.phonemiser.AllophoneSetTest" time="0.001"/>
  <testcase name="testSyllabify" classname="marytts.modules.phonemiser.AllophoneSetTest" time="0.001"/>
  <testcase name="testSyllabifyWithEmptyInput" classname="marytts.modules.phonemiser.AllophoneSetTest" time="0"/>
  <testcase name="testSyllabifyWithoutNucleus" classname="marytts.modules.phonemiser.AllophoneSetTest" time="0"/>
  <testcase name="testUnloadedIsUnavailable" classname="marytts.modules.phonemiser.AllophoneSetTest" time="0"/>
  <testcase name="testVersion" classname="marytts.VersionTest" time="0.007">
    <failure message="expected object to not be null" type="java.lang.AssertionError">java.lang.AssertionError: expected object to not be null
	at marytts.VersionTest.testVersion(VersionTest.java:11)
</failure>
  </testcase>
  <testcase name="validatingParseStream on validatingParseStream(marytts.util.dom.DomUtilsTest)" classname="marytts.util.dom.DomUtilsTest" time="0.091"/>
  <testcase name="validatingParseString on validatingParseString(marytts.util.dom.DomUtilsTest)" classname="marytts.util.dom.DomUtilsTest" time="0.041"/>
  <testcase name="tooLargeList on tooLargeList(marytts.util.string.ByteStringTranslatorTest)" classname="marytts.util.string.ByteStringTranslatorTest" time="0.001"/>
  <testcase name="maxListContainsString on maxListContainsString(marytts.util.string.ByteStringTranslatorTest)" classname="marytts.util.string.ByteStringTranslatorTest" time="0"/>
  <testcase name="smallListDoesntContainString on smallListDoesntContainString(marytts.util.string.ByteStringTranslatorTest)" classname="marytts.util.string.ByteStringTranslatorTest" time="0"/>
  <testcase name="maxListContainsByte on maxListContainsByte(marytts.util.string.ByteStringTranslatorTest)" classname="marytts.util.string.ByteStringTranslatorTest" time="0"/>
  <testcase name="maxListLength on maxListLength(marytts.util.string.ByteStringTranslatorTest)" classname="marytts.util.string.ByteStringTranslatorTest" time="0"/>
  <testcase name="maxListCompareString on maxListCompareString(marytts.util.string.ByteStringTranslatorTest)" classname="marytts.util.string.ByteStringTranslatorTest" time="0"/>
  <testcase name="smallListContainsString on smallListContainsString(marytts.util.string.ByteStringTranslatorTest)" classname="marytts.util.string.ByteStringTranslatorTest" time="0"/>
  <testcase name="smallListContainsByte on smallListContainsByte(marytts.util.string.ByteStringTranslatorTest)" classname="marytts.util.string.ByteStringTranslatorTest" time="0.001"/>
  <testcase name="canCreateMaxList on canCreateMaxList(marytts.util.string.ByteStringTranslatorTest)" classname="marytts.util.string.ByteStringTranslatorTest" time="0"/>
  <testcase name="maxListDoesntContainString on maxListDoesntContainString(marytts.util.string.ByteStringTranslatorTest)" classname="marytts.util.string.ByteStringTranslatorTest" time="0"/>
  <testcase name="smallListCompareString on smallListCompareString(marytts.util.string.ByteStringTranslatorTest)" classname="marytts.util.string.ByteStringTranslatorTest" time="0"/>
  <testcase name="smallListDoesntContainByte on smallListDoesntContainByte(marytts.util.string.ByteStringTranslatorTest)" classname="marytts.util.string.ByteStringTranslatorTest" time="0"/>
  <testcase name="smallListLength on smallListLength(marytts.util.string.ByteStringTranslatorTest)" classname="marytts.util.string.ByteStringTranslatorTest" time="0"/>
  <testcase name="maxListCompareString2 on maxListCompareString2(marytts.util.string.ByteStringTranslatorTest)" classname="marytts.util.string.ByteStringTranslatorTest" time="0"/>
</testsuite>