<?xml version="1.0" encoding="UTF-8"?>
<!-- Generated by org.testng.reporters.JUnitXMLReporter -->
<testsuite hostname="colix01.coli.uni-saarland.de" name="Surefire test" tests="68" failures="1" timestamp="24 Oct 2016 14:11:44 GMT" time="0.152" errors="0">
  <testcase name="testGetInvalidAllophone" time="0.012" classname="marytts.modules.phonemiser.AllophoneSetTest"/>
  <testcase name="testLegacySyllabify" time="0.011" classname="marytts.modules.phonemiser.AllophoneSetTest"/>
  <testcase name="testLegacySyllabify" time="0.0" classname="marytts.modules.phonemiser.AllophoneSetTest"/>
  <testcase name="testLegacySyllabify" time="0.001" classname="marytts.modules.phonemiser.AllophoneSetTest"/>
  <testcase name="testLegacySyllabify" time="0.001" classname="marytts.modules.phonemiser.AllophoneSetTest"/>
  <testcase name="testLegacySyllabify" time="0.0" classname="marytts.modules.phonemiser.AllophoneSetTest"/>
  <testcase name="testLegacySyllabify" time="0.0" classname="marytts.modules.phonemiser.AllophoneSetTest"/>
  <testcase name="testLegacySyllabify" time="0.001" classname="marytts.modules.phonemiser.AllophoneSetTest"/>
  <testcase name="testLegacySyllabify" time="0.001" classname="marytts.modules.phonemiser.AllophoneSetTest"/>
  <testcase name="testLegacySyllabify" time="0.001" classname="marytts.modules.phonemiser.AllophoneSetTest"/>
  <testcase name="testLegacySyllabify" time="0.0" classname="marytts.modules.phonemiser.AllophoneSetTest"/>
  <testcase name="testLegacySyllabifyWithoutNucleus" time="0.0" classname="marytts.modules.phonemiser.AllophoneSetTest"/>
  <testcase name="testLoadOnceReuse" time="0.001" classname="marytts.modules.phonemiser.AllophoneSetTest"/>
  <testcase name="testLoadedIsAvailable" time="0.0" classname="marytts.modules.phonemiser.AllophoneSetTest"/>
  <testcase name="testSplitAllophoneString" time="0.0" classname="marytts.modules.phonemiser.AllophoneSetTest"/>
  <testcase name="testSplitAllophoneString" time="0.0" classname="marytts.modules.phonemiser.AllophoneSetTest"/>
  <testcase name="testSplitAllophoneString" time="0.0" classname="marytts.modules.phonemiser.AllophoneSetTest"/>
  <testcase name="testSplitAllophoneString" time="0.0" classname="marytts.modules.phonemiser.AllophoneSetTest"/>
  <testcase name="testSplitAllophoneString" time="0.0" classname="marytts.modules.phonemiser.AllophoneSetTest"/>
  <testcase name="testSplitAllophoneString" time="0.0" classname="marytts.modules.phonemiser.AllophoneSetTest"/>
  <testcase name="testSplitAllophoneString" time="0.0" classname="marytts.modules.phonemiser.AllophoneSetTest"/>
  <testcase name="testSplitAllophoneString" time="0.0" classname="marytts.modules.phonemiser.AllophoneSetTest"/>
  <testcase name="testSplitAllophoneString" time="0.0" classname="marytts.modules.phonemiser.AllophoneSetTest"/>
  <testcase name="testSplitIntoAllophoneList" time="0.0" classname="marytts.modules.phonemiser.AllophoneSetTest"/>
  <testcase name="testSplitIntoAllophoneList" time="0.0" classname="marytts.modules.phonemiser.AllophoneSetTest"/>
  <testcase name="testSplitIntoAllophoneList" time="0.0" classname="marytts.modules.phonemiser.AllophoneSetTest"/>
  <testcase name="testSplitIntoAllophoneList" time="0.0" classname="marytts.modules.phonemiser.AllophoneSetTest"/>
  <testcase name="testSplitIntoAllophoneList" time="0.0" classname="marytts.modules.phonemiser.AllophoneSetTest"/>
  <testcase name="testSplitIntoAllophoneList" time="0.001" classname="marytts.modules.phonemiser.AllophoneSetTest"/>
  <testcase name="testSplitIntoAllophoneList" time="0.0" classname="marytts.modules.phonemiser.AllophoneSetTest"/>
  <testcase name="testSplitIntoAllophoneList" time="0.0" classname="marytts.modules.phonemiser.AllophoneSetTest"/>
  <testcase name="testSplitIntoAllophoneList" time="0.001" classname="marytts.modules.phonemiser.AllophoneSetTest"/>
  <testcase name="testSplitIntoAllophoneListWithInvalidInput" time="0.0" classname="marytts.modules.phonemiser.AllophoneSetTest"/>
  <testcase name="testSplitIntoAllophones" time="0.0" classname="marytts.modules.phonemiser.AllophoneSetTest"/>
  <testcase name="testSplitIntoAllophones" time="0.0" classname="marytts.modules.phonemiser.AllophoneSetTest"/>
  <testcase name="testSplitIntoAllophones" time="0.001" classname="marytts.modules.phonemiser.AllophoneSetTest"/>
  <testcase name="testSplitIntoAllophones" time="0.0" classname="marytts.modules.phonemiser.AllophoneSetTest"/>
  <testcase name="testSplitIntoAllophones" time="0.0" classname="marytts.modules.phonemiser.AllophoneSetTest"/>
  <testcase name="testSplitIntoAllophones" time="0.0" classname="marytts.modules.phonemiser.AllophoneSetTest"/>
  <testcase name="testSplitIntoAllophones" time="0.001" classname="marytts.modules.phonemiser.AllophoneSetTest"/>
  <testcase name="testSplitIntoAllophones" time="0.002" classname="marytts.modules.phonemiser.AllophoneSetTest"/>
  <testcase name="testSplitIntoAllophones" time="0.0" classname="marytts.modules.phonemiser.AllophoneSetTest"/>
  <testcase name="testSyllabify" time="0.0" classname="marytts.modules.phonemiser.AllophoneSetTest"/>
  <testcase name="testSyllabify" time="0.001" classname="marytts.modules.phonemiser.AllophoneSetTest"/>
  <testcase name="testSyllabify" time="0.0" classname="marytts.modules.phonemiser.AllophoneSetTest"/>
  <testcase name="testSyllabify" time="0.0" classname="marytts.modules.phonemiser.AllophoneSetTest"/>
  <testcase name="testSyllabify" time="0.0" classname="marytts.modules.phonemiser.AllophoneSetTest"/>
  <testcase name="testSyllabify" time="0.0" classname="marytts.modules.phonemiser.AllophoneSetTest"/>
  <testcase name="testSyllabify" time="0.0" classname="marytts.modules.phonemiser.AllophoneSetTest"/>
  <testcase name="testSyllabify" time="0.001" classname="marytts.modules.phonemiser.AllophoneSetTest"/>
  <testcase name="testSyllabify" time="0.0" classname="marytts.modules.phonemiser.AllophoneSetTest"/>
  <testcase name="testSyllabify" time="0.0" classname="marytts.modules.phonemiser.AllophoneSetTest"/>
  <testcase name="testSyllabify" time="0.001" classname="marytts.modules.phonemiser.AllophoneSetTest"/>
  <testcase name="testSyllabify" time="0.0" classname="marytts.modules.phonemiser.AllophoneSetTest"/>
  <testcase name="testSyllabify" time="0.001" classname="marytts.modules.phonemiser.AllophoneSetTest"/>
  <testcase name="testSyllabify" time="0.0" classname="marytts.modules.phonemiser.AllophoneSetTest"/>
  <testcase name="testSyllabify" time="0.001" classname="marytts.modules.phonemiser.AllophoneSetTest"/>
  <testcase name="testSyllabify" time="0.001" classname="marytts.modules.phonemiser.AllophoneSetTest"/>
  <testcase name="testSyllabify" time="0.0" classname="marytts.modules.phonemiser.AllophoneSetTest"/>
  <testcase name="testSyllabify" time="0.0" classname="marytts.modules.phonemiser.AllophoneSetTest"/>
  <testcase name="testSyllabify" time="0.001" classname="marytts.modules.phonemiser.AllophoneSetTest"/>
  <testcase name="testSyllabify" time="0.0" classname="marytts.modules.phonemiser.AllophoneSetTest"/>
  <testcase name="testSyllabify" time="0.001" classname="marytts.modules.phonemiser.AllophoneSetTest"/>
  <testcase name="testSyllabify" time="0.001" classname="marytts.modules.phonemiser.AllophoneSetTest"/>
  <testcase name="testSyllabifyWithEmptyInput" time="0.0" classname="marytts.modules.phonemiser.AllophoneSetTest"/>
  <testcase name="testSyllabifyWithoutNucleus" time="0.0" classname="marytts.modules.phonemiser.AllophoneSetTest"/>
  <testcase name="testUnloadedIsUnavailable" time="0.0" classname="marytts.modules.phonemiser.AllophoneSetTest"/>
  <testcase name="testVersion" time="0.001" classname="marytts.VersionTest">
    <failure type="java.lang.AssertionError" message="expected object to not be null">
      <![CDATA[java.lang.AssertionError: expected object to not be null
	at marytts.VersionTest.testVersion(VersionTest.java:11)
... Removed 32 stack frames]]>
    </failure>
  </testcase> <!-- testVersion -->
</testsuite> <!-- Surefire test -->
