<?xml version="1.0" encoding="UTF-8"?>
<!-- Generated by org.testng.reporters.JUnitXMLReporter -->
<testsuite hostname="colix01.coli.uni-saarland.de" name="Surefire test" tests="16" failures="0" timestamp="24 Oct 2016 14:11:45 GMT" time="0.202" errors="0">
  <testcase name="validatingParseStream on validatingParseStream(marytts.util.dom.DomUtilsTest)" time="0.091" classname="marytts.util.dom.DomUtilsTest"/>
  <testcase name="validatingParseString on validatingParseString(marytts.util.dom.DomUtilsTest)" time="0.042" classname="marytts.util.dom.DomUtilsTest"/>
  <testcase name="tooLargeList on tooLargeList(marytts.util.string.ByteStringTranslatorTest)" time="0.001" classname="marytts.util.string.ByteStringTranslatorTest"/>
  <testcase name="maxListContainsString on maxListContainsString(marytts.util.string.ByteStringTranslatorTest)" time="0.0" classname="marytts.util.string.ByteStringTranslatorTest"/>
  <testcase name="smallListDoesntContainString on smallListDoesntContainString(marytts.util.string.ByteStringTranslatorTest)" time="0.0" classname="marytts.util.string.ByteStringTranslatorTest"/>
  <testcase name="maxListContainsByte on maxListContainsByte(marytts.util.string.ByteStringTranslatorTest)" time="0.0" classname="marytts.util.string.ByteStringTranslatorTest"/>
  <testcase name="maxListLength on maxListLength(marytts.util.string.ByteStringTranslatorTest)" time="0.0" classname="marytts.util.string.ByteStringTranslatorTest"/>
  <testcase name="maxListCompareString on maxListCompareString(marytts.util.string.ByteStringTranslatorTest)" time="0.0" classname="marytts.util.string.ByteStringTranslatorTest"/>
  <testcase name="smallListContainsString on smallListContainsString(marytts.util.string.ByteStringTranslatorTest)" time="0.0" classname="marytts.util.string.ByteStringTranslatorTest"/>
  <testcase name="smallListContainsByte on smallListContainsByte(marytts.util.string.ByteStringTranslatorTest)" time="0.0" classname="marytts.util.string.ByteStringTranslatorTest"/>
  <testcase name="canCreateMaxList on canCreateMaxList(marytts.util.string.ByteStringTranslatorTest)" time="0.0" classname="marytts.util.string.ByteStringTranslatorTest"/>
  <testcase name="maxListDoesntContainString on maxListDoesntContainString(marytts.util.string.ByteStringTranslatorTest)" time="0.0" classname="marytts.util.string.ByteStringTranslatorTest"/>
  <testcase name="smallListCompareString on smallListCompareString(marytts.util.string.ByteStringTranslatorTest)" time="0.0" classname="marytts.util.string.ByteStringTranslatorTest"/>
  <testcase name="smallListDoesntContainByte on smallListDoesntContainByte(marytts.util.string.ByteStringTranslatorTest)" time="0.0" classname="marytts.util.string.ByteStringTranslatorTest"/>
  <testcase name="smallListLength on smallListLength(marytts.util.string.ByteStringTranslatorTest)" time="0.0" classname="marytts.util.string.ByteStringTranslatorTest"/>
  <testcase name="maxListCompareString2 on maxListCompareString2(marytts.util.string.ByteStringTranslatorTest)" time="0.0" classname="marytts.util.string.ByteStringTranslatorTest"/>
</testsuite> <!-- Surefire test -->
